<?xml version="1.0" encoding="UTF-8"?>
<robot generator="Robot 5.0.1 (Python 3.9.13 on darwin)" generated="20230503 15:32:13.095" rpa="true" schemaversion="3">
<suite id="s1" name="Tasks" source="/Users/gogolook/roo-ui-testing/tasks.robot">
<test id="s1-t1" name="Example task" line="16">
<kw name="Set Screenshot Directory" library="RPA.Browser.Selenium" type="SETUP">
<arg>output</arg>
<doc>Sets the directory for captured screenshots.</doc>
<status status="PASS" starttime="20230503 15:32:15.770" endtime="20230503 15:32:15.771"/>
</kw>
<kw name="Example keyword" library="keywords">
<kw name="Log" library="BuiltIn">
<arg>Today is ${TODAY}</arg>
<doc>Logs the given message with the given level.</doc>
<msg timestamp="20230503 15:32:15.773" level="INFO">Today is 2023-05-03 15:32:15.766360</msg>
<status status="PASS" starttime="20230503 15:32:15.772" endtime="20230503 15:32:15.773"/>
</kw>
<status status="PASS" starttime="20230503 15:32:15.772" endtime="20230503 15:32:15.773"/>
</kw>
<kw name="Example Python Keyword">
<msg timestamp="20230503 15:32:15.781" level="FAIL">No keyword with name 'Example Python Keyword' found.</msg>
<status status="FAIL" starttime="20230503 15:32:15.781" endtime="20230503 15:32:15.782"/>
</kw>
<kw name="Log" library="BuiltIn">
<arg>${TODAY}</arg>
<doc>Logs the given message with the given level.</doc>
<status status="NOT RUN" starttime="20230503 15:32:15.783" endtime="20230503 15:32:15.783"/>
</kw>
<kw name="Close All Browsers" library="RPA.Browser.Selenium" type="TEARDOWN">
<doc>Closes all open browsers and resets the browser cache.</doc>
<status status="PASS" starttime="20230503 15:32:15.784" endtime="20230503 15:32:15.784"/>
</kw>
<status status="FAIL" starttime="20230503 15:32:15.769" endtime="20230503 15:32:15.785">No keyword with name 'Example Python Keyword' found.</status>
</test>
<doc>Template robot main suite.</doc>
<status status="FAIL" starttime="20230503 15:32:13.105" endtime="20230503 15:32:15.786"/>
</suite>
<statistics>
<total>
<stat pass="0" fail="1" skip="0">All Tasks</stat>
</total>
<tag>
</tag>
<suite>
<stat pass="0" fail="1" skip="0" id="s1" name="Tasks">Tasks</stat>
</suite>
</statistics>
<errors>
<msg timestamp="20230503 15:32:14.127" level="ERROR">Error in file '/Users/gogolook/roo-ui-testing/tasks.robot' on line 6: Importing library '../libariess/MyLibrary' failed: ModuleNotFoundError: No module named '.'
Traceback (most recent call last):
  None
PYTHONPATH:
  /Users/gogolook/roo-ui-testing/keywords
  /Users/gogolook/roo-ui-testing/resources
  /Users/gogolook/roo-ui-testing/libraries
  /Users/gogolook/.vscode/extensions/robocorp.robotframework-lsp-1.10.1/src/robotframework_debug_adapter
  /Users/gogolook/roo-ui-testing/keywords
  /Users/gogolook/roo-ui-testing/resources
  /Users/gogolook/roo-ui-testing/libraries
  /Users/gogolook/.vscode/extensions/robocorp.robotframework-lsp-1.10.1/src
  /Users/gogolook/.vscode/extensions/robocorp.robotframework-lsp-1.10.1/src/robotframework_ls/vendored
  /Users/Shared/robocorp/ht/bc14962_b1f3c24_1c0bc041/lib/python39.zip
  /Users/Shared/robocorp/ht/bc14962_b1f3c24_1c0bc041/lib/python3.9
  /Users/Shared/robocorp/ht/bc14962_b1f3c24_1c0bc041/lib/python3.9/lib-dynload
  /Users/Shared/robocorp/ht/bc14962_b1f3c24_1c0bc041/lib/python3.9/site-packages</msg>
</errors>
</robot>
